<?xml version="1.0" encoding="UTF-8"?>
<testng-results skipped="0" failed="0" total="1" passed="1">
  <reporter-output>
  </reporter-output>
  <suite name="ZAPPY Demo" duration-ms="191464" started-at="2017-08-17T19:31:25Z" finished-at="2017-08-17T19:34:36Z">
    <groups>
      <group name="regression">
        <method signature="ZAPPY_Automation_Demo.ZAPPY_Automation_Demo()[pri:0, instance:com.web.poc.script.ZAPPY_Automation_Demo@694e1548]" name="ZAPPY_Automation_Demo" class="com.web.poc.script.ZAPPY_Automation_Demo"/>
      </group> <!-- regression -->
      <group name="smoke">
        <method signature="ZAPPY_Automation_Demo.ZAPPY_Automation_Demo()[pri:0, instance:com.web.poc.script.ZAPPY_Automation_Demo@694e1548]" name="ZAPPY_Automation_Demo" class="com.web.poc.script.ZAPPY_Automation_Demo"/>
      </group> <!-- smoke -->
    </groups>
    <test name="ZAPPY test" duration-ms="191464" started-at="2017-08-17T19:31:25Z" finished-at="2017-08-17T19:34:36Z">
      <class name="com.web.poc.script.ZAPPY_Automation_Demo">
        <test-method status="PASS" signature="beforeSuite(org.testng.ITestContext)[pri:0, instance:com.web.poc.script.ZAPPY_Automation_Demo@694e1548]" name="beforeSuite" is-config="true" duration-ms="81" started-at="2017-08-18T01:01:25Z" finished-at="2017-08-18T01:01:25Z">
          <params>
            <param index="0">
              <value>
                <![CDATA[org.testng.TestRunner@4f449e8f]]>
              </value>
            </param>
          </params>
          <reporter-output>
          </reporter-output>
        </test-method> <!-- beforeSuite -->
        <test-method status="PASS" signature="beforeTest(org.testng.ITestContext)[pri:0, instance:com.web.poc.script.ZAPPY_Automation_Demo@694e1548]" name="beforeTest" is-config="true" duration-ms="1632" started-at="2017-08-18T01:01:25Z" finished-at="2017-08-18T01:01:27Z">
          <params>
            <param index="0">
              <value>
                <![CDATA[org.testng.TestRunner@4f449e8f]]>
              </value>
            </param>
          </params>
          <reporter-output>
          </reporter-output>
        </test-method> <!-- beforeTest -->
        <test-method status="PASS" signature="beforeClass()[pri:0, instance:com.web.poc.script.ZAPPY_Automation_Demo@694e1548]" name="beforeClass" is-config="true" duration-ms="9488" started-at="2017-08-18T01:01:27Z" finished-at="2017-08-18T01:01:36Z">
          <reporter-output>
          </reporter-output>
        </test-method> <!-- beforeClass -->
        <test-method status="PASS" signature="beforeMethod(java.lang.reflect.Method)[pri:0, instance:com.web.poc.script.ZAPPY_Automation_Demo@694e1548]" name="beforeMethod" is-config="true" duration-ms="769" started-at="2017-08-18T01:01:36Z" finished-at="2017-08-18T01:01:37Z">
          <params>
            <param index="0">
              <value>
                <![CDATA[public void com.web.poc.script.ZAPPY_Automation_Demo.ZAPPY_Automation_Demo() throws java.lang.Throwable]]>
              </value>
            </param>
          </params>
          <reporter-output>
          </reporter-output>
        </test-method> <!-- beforeMethod -->
        <test-method status="PASS" signature="beforeMethod()[pri:0, instance:com.web.poc.script.ZAPPY_Automation_Demo@694e1548]" name="beforeMethod" is-config="true" duration-ms="1302" started-at="2017-08-18T01:01:37Z" finished-at="2017-08-18T01:01:38Z">
          <reporter-output>
          </reporter-output>
        </test-method> <!-- beforeMethod -->
        <test-method status="PASS" signature="ZAPPY_Automation_Demo()[pri:0, instance:com.web.poc.script.ZAPPY_Automation_Demo@694e1548]" name="ZAPPY_Automation_Demo" duration-ms="154316" started-at="2017-08-18T01:01:38Z" description="ZAPPY" finished-at="2017-08-18T01:04:12Z">
          <reporter-output>
          </reporter-output>
        </test-method> <!-- ZAPPY_Automation_Demo -->
        <test-method status="PASS" signature="afterMethod(java.lang.reflect.Method, org.testng.ITestResult)[pri:0, instance:com.web.poc.script.ZAPPY_Automation_Demo@694e1548]" name="afterMethod" is-config="true" duration-ms="499" started-at="2017-08-18T01:04:12Z" finished-at="2017-08-18T01:04:13Z">
          <params>
            <param index="0">
              <value>
                <![CDATA[public void com.web.poc.script.ZAPPY_Automation_Demo.ZAPPY_Automation_Demo() throws java.lang.Throwable]]>
              </value>
            </param>
            <param index="1">
              <value>
                <![CDATA[[TestResult name=ZAPPY_Automation_Demo status=SUCCESS method=ZAPPY_Automation_Demo.ZAPPY_Automation_Demo()[pri:0, instance:com.web.poc.script.ZAPPY_Automation_Demo@694e1548] output={null}]]]>
              </value>
            </param>
          </params>
          <reporter-output>
          </reporter-output>
        </test-method> <!-- afterMethod -->
        <test-method status="PASS" signature="afterClass()[pri:0, instance:com.web.poc.script.ZAPPY_Automation_Demo@694e1548]" name="afterClass" is-config="true" duration-ms="23360" started-at="2017-08-18T01:04:13Z" finished-at="2017-08-18T01:04:36Z">
          <reporter-output>
          </reporter-output>
        </test-method> <!-- afterClass -->
        <test-method status="PASS" signature="afterTest()[pri:0, instance:com.web.poc.script.ZAPPY_Automation_Demo@694e1548]" name="afterTest" is-config="true" duration-ms="81" started-at="2017-08-18T01:04:36Z" finished-at="2017-08-18T01:04:36Z">
          <reporter-output>
          </reporter-output>
        </test-method> <!-- afterTest -->
        <test-method status="PASS" signature="afterSuite()[pri:0, instance:com.web.poc.script.ZAPPY_Automation_Demo@694e1548]" name="afterSuite" is-config="true" duration-ms="283" started-at="2017-08-18T01:04:37Z" finished-at="2017-08-18T01:04:37Z">
          <reporter-output>
          </reporter-output>
        </test-method> <!-- afterSuite -->
      </class> <!-- com.web.poc.script.ZAPPY_Automation_Demo -->
    </test> <!-- ZAPPY test -->
  </suite> <!-- ZAPPY Demo -->
</testng-results>
