<?xml version="1.0" encoding="UTF-8"?>
<testng-results skipped="0" failed="0" total="1" passed="1">
  <reporter-output>
  </reporter-output>
  <suite name="Default suite" duration-ms="204779" started-at="2017-08-21T09:20:30Z" finished-at="2017-08-21T09:23:54Z">
    <groups>
      <group name="regression">
        <method signature="AgilityCIS_Automation_Demo.AgilityCIS_Automation_Demo()[pri:0, instance:com.web.poc.script.AgilityCIS_Automation_Demo@612fc6eb]" name="AgilityCIS_Automation_Demo" class="com.web.poc.script.AgilityCIS_Automation_Demo"/>
      </group> <!-- regression -->
      <group name="smoke">
        <method signature="AgilityCIS_Automation_Demo.AgilityCIS_Automation_Demo()[pri:0, instance:com.web.poc.script.AgilityCIS_Automation_Demo@612fc6eb]" name="AgilityCIS_Automation_Demo" class="com.web.poc.script.AgilityCIS_Automation_Demo"/>
      </group> <!-- smoke -->
    </groups>
    <test name="Default test" duration-ms="204779" started-at="2017-08-21T09:20:30Z" finished-at="2017-08-21T09:23:54Z">
      <class name="com.web.poc.script.AgilityCIS_Automation_Demo">
        <test-method status="PASS" signature="beforeSuite(org.testng.ITestContext)[pri:0, instance:com.web.poc.script.AgilityCIS_Automation_Demo@612fc6eb]" name="beforeSuite" is-config="true" duration-ms="62" started-at="2017-08-21T14:50:30Z" finished-at="2017-08-21T14:50:30Z">
          <params>
            <param index="0">
              <value>
                <![CDATA[org.testng.TestRunner@2ca6546f]]>
              </value>
            </param>
          </params>
          <reporter-output>
          </reporter-output>
        </test-method> <!-- beforeSuite -->
        <test-method status="PASS" signature="beforeTest(org.testng.ITestContext)[pri:0, instance:com.web.poc.script.AgilityCIS_Automation_Demo@612fc6eb]" name="beforeTest" is-config="true" duration-ms="1573" started-at="2017-08-21T14:50:30Z" finished-at="2017-08-21T14:50:31Z">
          <params>
            <param index="0">
              <value>
                <![CDATA[org.testng.TestRunner@2ca6546f]]>
              </value>
            </param>
          </params>
          <reporter-output>
          </reporter-output>
        </test-method> <!-- beforeTest -->
        <test-method status="PASS" signature="beforeClass()[pri:0, instance:com.web.poc.script.AgilityCIS_Automation_Demo@612fc6eb]" name="beforeClass" is-config="true" duration-ms="10060" started-at="2017-08-21T14:50:31Z" finished-at="2017-08-21T14:50:41Z">
          <reporter-output>
          </reporter-output>
        </test-method> <!-- beforeClass -->
        <test-method status="PASS" signature="beforeMethod(java.lang.reflect.Method)[pri:0, instance:com.web.poc.script.AgilityCIS_Automation_Demo@612fc6eb]" name="beforeMethod" is-config="true" duration-ms="282" started-at="2017-08-21T14:50:41Z" finished-at="2017-08-21T14:50:42Z">
          <params>
            <param index="0">
              <value>
                <![CDATA[public void com.web.poc.script.AgilityCIS_Automation_Demo.AgilityCIS_Automation_Demo() throws java.lang.Throwable]]>
              </value>
            </param>
          </params>
          <reporter-output>
          </reporter-output>
        </test-method> <!-- beforeMethod -->
        <test-method status="PASS" signature="beforeMethod()[pri:0, instance:com.web.poc.script.AgilityCIS_Automation_Demo@612fc6eb]" name="beforeMethod" is-config="true" duration-ms="807" started-at="2017-08-21T14:50:42Z" finished-at="2017-08-21T14:50:42Z">
          <reporter-output>
          </reporter-output>
        </test-method> <!-- beforeMethod -->
        <test-method status="PASS" signature="AgilityCIS_Automation_Demo()[pri:0, instance:com.web.poc.script.AgilityCIS_Automation_Demo@612fc6eb]" name="AgilityCIS_Automation_Demo" duration-ms="169410" started-at="2017-08-21T14:50:42Z" description="ZAPPY" finished-at="2017-08-21T14:53:32Z">
          <reporter-output>
          </reporter-output>
        </test-method> <!-- AgilityCIS_Automation_Demo -->
        <test-method status="PASS" signature="afterMethod(java.lang.reflect.Method, org.testng.ITestResult)[pri:0, instance:com.web.poc.script.AgilityCIS_Automation_Demo@612fc6eb]" name="afterMethod" is-config="true" duration-ms="288" started-at="2017-08-21T14:53:32Z" finished-at="2017-08-21T14:53:32Z">
          <params>
            <param index="0">
              <value>
                <![CDATA[public void com.web.poc.script.AgilityCIS_Automation_Demo.AgilityCIS_Automation_Demo() throws java.lang.Throwable]]>
              </value>
            </param>
            <param index="1">
              <value>
                <![CDATA[[TestResult name=AgilityCIS_Automation_Demo status=SUCCESS method=AgilityCIS_Automation_Demo.AgilityCIS_Automation_Demo()[pri:0, instance:com.web.poc.script.AgilityCIS_Automation_Demo@612fc6eb] output={null}]]]>
              </value>
            </param>
          </params>
          <reporter-output>
          </reporter-output>
        </test-method> <!-- afterMethod -->
        <test-method status="PASS" signature="afterClass()[pri:0, instance:com.web.poc.script.AgilityCIS_Automation_Demo@612fc6eb]" name="afterClass" is-config="true" duration-ms="22309" started-at="2017-08-21T14:53:32Z" finished-at="2017-08-21T14:53:54Z">
          <reporter-output>
          </reporter-output>
        </test-method> <!-- afterClass -->
        <test-method status="PASS" signature="afterTest()[pri:0, instance:com.web.poc.script.AgilityCIS_Automation_Demo@612fc6eb]" name="afterTest" is-config="true" duration-ms="30" started-at="2017-08-21T14:53:54Z" finished-at="2017-08-21T14:53:54Z">
          <reporter-output>
          </reporter-output>
        </test-method> <!-- afterTest -->
        <test-method status="PASS" signature="afterSuite()[pri:0, instance:com.web.poc.script.AgilityCIS_Automation_Demo@612fc6eb]" name="afterSuite" is-config="true" duration-ms="69" started-at="2017-08-21T14:53:54Z" finished-at="2017-08-21T14:53:54Z">
          <reporter-output>
          </reporter-output>
        </test-method> <!-- afterSuite -->
      </class> <!-- com.web.poc.script.AgilityCIS_Automation_Demo -->
    </test> <!-- Default test -->
  </suite> <!-- Default suite -->
</testng-results>
